[2019-07-13T09:22:32.888] [DEBUG] cheese - login => username:你爸爸,password:123
[2019-07-13T09:22:32.890] [DEBUG] cheese - 你爸爸
[2019-07-13T09:22:32.906] [DEBUG] cheese - null
[2019-07-13T09:22:32.907] [DEBUG] cheese - null
[2019-07-13T09:31:50.226] [DEBUG] cheese - login => username:你爸爸,password:123
[2019-07-13T09:31:50.229] [DEBUG] cheese - 你爸爸
[2019-07-13T09:31:50.242] [DEBUG] cheese - null
[2019-07-13T09:31:50.243] [DEBUG] cheese - null
[2019-07-13T09:32:28.483] [DEBUG] cheese - login => username:ww,password:123
[2019-07-13T09:32:28.483] [DEBUG] cheese - ww
[2019-07-13T09:32:28.486] [DEBUG] cheese - null
[2019-07-13T09:32:28.486] [DEBUG] cheese - null
[2019-07-13T09:32:44.924] [DEBUG] cheese - login => username:zce,password:123
[2019-07-13T09:32:44.924] [DEBUG] cheese - zce
[2019-07-13T09:32:44.926] [DEBUG] cheese - null
[2019-07-13T09:32:44.926] [DEBUG] cheese - null
[2019-07-13T15:03:36.455] [DEBUG] cheese - login => username:zsdd,password:123123123
[2019-07-13T15:03:36.456] [DEBUG] cheese - zsdd
[2019-07-13T15:03:36.469] [DEBUG] cheese - null
[2019-07-13T15:03:36.469] [DEBUG] cheese - null
[2019-07-13T15:03:52.531] [DEBUG] cheese - login => username:zsdd,password:123123123
[2019-07-13T15:03:52.531] [DEBUG] cheese - zsdd
[2019-07-13T15:03:52.537] [DEBUG] cheese - null
[2019-07-13T15:03:52.537] [DEBUG] cheese - null
[2019-07-13T15:04:28.198] [DEBUG] cheese - login => username:zsdd,password:123123123
[2019-07-13T15:04:28.198] [DEBUG] cheese - zsdd
[2019-07-13T15:04:28.202] [DEBUG] cheese - null
[2019-07-13T15:04:28.202] [DEBUG] cheese - null
[2019-07-13T15:04:29.985] [DEBUG] cheese - login => username:zsdd,password:123123123
[2019-07-13T15:04:29.985] [DEBUG] cheese - zsdd
[2019-07-13T15:04:29.990] [DEBUG] cheese - null
[2019-07-13T15:04:29.990] [DEBUG] cheese - null
[2019-07-13T15:04:39.123] [DEBUG] cheese - login => username:zce,password:123123123
[2019-07-13T15:04:39.124] [DEBUG] cheese - zce
[2019-07-13T15:04:39.127] [DEBUG] cheese - null
[2019-07-13T15:04:39.127] [DEBUG] cheese - null
[2019-07-13T15:05:30.057] [DEBUG] cheese - login => username:zsdd,password:123123123
[2019-07-13T15:05:30.057] [DEBUG] cheese - zsdd
[2019-07-13T15:05:30.059] [DEBUG] cheese - null
[2019-07-13T15:05:30.059] [DEBUG] cheese - null
[2019-07-13T15:05:38.775] [DEBUG] cheese - login => username:admin,password:123456
[2019-07-13T15:05:38.775] [DEBUG] cheese - admin
[2019-07-13T15:05:38.781] [DEBUG] cheese - null
[2019-07-13T15:05:38.781] [DEBUG] cheese - null
[2019-07-13T15:28:57.790] [DEBUG] cheese - login => username:zsdd,password:123123123
[2019-07-13T15:28:57.790] [DEBUG] cheese - zsdd
[2019-07-13T15:28:57.794] [DEBUG] cheese - null
[2019-07-13T15:28:57.794] [DEBUG] cheese - null
[2019-07-13T15:32:35.396] [DEBUG] cheese - login => username:zsdd,password:123123123
[2019-07-13T15:32:35.396] [DEBUG] cheese - zsdd
[2019-07-13T15:32:35.401] [DEBUG] cheese - null
[2019-07-13T15:32:35.401] [DEBUG] cheese - null
[2019-07-13T15:32:43.217] [DEBUG] cheese - login => username:admin,password:123456
[2019-07-13T15:32:43.217] [DEBUG] cheese - admin
[2019-07-13T15:32:43.223] [DEBUG] cheese - null
[2019-07-13T15:32:43.223] [DEBUG] cheese - null
[2019-07-13T15:33:00.067] [DEBUG] cheese - login => username:admin,password:123456
[2019-07-13T15:33:00.067] [DEBUG] cheese - admin
[2019-07-13T15:33:00.071] [DEBUG] cheese - null
[2019-07-13T15:33:00.071] [DEBUG] cheese - null
[2019-07-13T15:34:27.288] [DEBUG] cheese - login => username:admin,password:123456
[2019-07-13T15:34:27.289] [DEBUG] cheese - admin
[2019-07-13T15:34:27.292] [DEBUG] cheese - null
[2019-07-13T15:34:27.292] [DEBUG] cheese - null
[2019-07-13T15:55:23.517] [DEBUG] cheese - login => username:admin,password:123456
[2019-07-13T15:55:23.517] [DEBUG] cheese - admin
[2019-07-13T15:55:23.522] [DEBUG] cheese - null
[2019-07-13T15:55:23.522] [DEBUG] cheese - null
[2019-07-13T15:57:54.315] [DEBUG] cheese - login => username:admin,password:123456
[2019-07-13T15:57:54.315] [DEBUG] cheese - admin
[2019-07-13T15:57:54.320] [DEBUG] cheese - null
[2019-07-13T15:57:54.321] [DEBUG] cheese - null
[2019-07-13T15:59:58.663] [DEBUG] cheese - login => username:admin,password:123456
[2019-07-13T15:59:58.663] [DEBUG] cheese - admin
[2019-07-13T15:59:58.667] [DEBUG] cheese - null
[2019-07-13T15:59:58.667] [DEBUG] cheese - null
[2019-07-13T16:19:03.551] [DEBUG] cheese - login => username:admin,password:123456
[2019-07-13T16:19:03.551] [DEBUG] cheese - admin
[2019-07-13T16:19:03.557] [DEBUG] cheese - null
[2019-07-13T16:19:03.557] [DEBUG] cheese - null
[2019-07-13T16:26:53.410] [DEBUG] cheese - login => username:admin,password:123456
[2019-07-13T16:26:53.411] [DEBUG] cheese - admin
[2019-07-13T16:26:53.419] [DEBUG] cheese - null
[2019-07-13T16:26:53.419] [DEBUG] cheese - null
[2019-07-13T16:26:58.280] [DEBUG] cheese - login => username:admin,password:123423
[2019-07-13T16:26:58.280] [DEBUG] cheese - admin
[2019-07-13T16:26:58.287] [DEBUG] cheese - null
[2019-07-13T16:26:58.288] [DEBUG] cheese - null
[2019-07-13T16:27:02.613] [DEBUG] cheese - login => username:admin,password:123456
[2019-07-13T16:27:02.613] [DEBUG] cheese - admin
[2019-07-13T16:27:02.617] [DEBUG] cheese - null
[2019-07-13T16:27:02.617] [DEBUG] cheese - null
[2019-07-15T09:31:07.783] [DEBUG] cheese - login => username:admin,password:123456
[2019-07-15T09:31:07.785] [DEBUG] cheese - admin
[2019-07-15T09:31:07.812] [DEBUG] cheese - null
[2019-07-15T09:31:07.813] [DEBUG] cheese - null
[2019-07-15T09:58:07.490] [DEBUG] cheese - login => username:admin,password:123456
[2019-07-15T09:58:07.490] [DEBUG] cheese - admin
[2019-07-15T09:58:07.497] [DEBUG] cheese - null
[2019-07-15T09:58:07.497] [DEBUG] cheese - null
[2019-07-15T10:28:38.333] [DEBUG] cheese - login => username:admin,password:123456
[2019-07-15T10:28:38.333] [DEBUG] cheese - admin
[2019-07-15T10:28:38.339] [DEBUG] cheese - null
[2019-07-15T10:28:38.339] [DEBUG] cheese - null
[2019-07-15T10:29:56.790] [DEBUG] cheese - login => username:admin,password:123456
[2019-07-15T10:29:56.790] [DEBUG] cheese - admin
[2019-07-15T10:29:56.792] [DEBUG] cheese - null
[2019-07-15T10:29:56.792] [DEBUG] cheese - null
[2019-07-15T10:30:58.319] [DEBUG] cheese - login => username:admin,password:123456
[2019-07-15T10:30:58.319] [DEBUG] cheese - admin
[2019-07-15T10:30:58.322] [DEBUG] cheese - null
[2019-07-15T10:30:58.323] [DEBUG] cheese - null
[2019-07-15T10:31:26.348] [DEBUG] cheese - login => username:admin,password:123456
[2019-07-15T10:31:26.348] [DEBUG] cheese - admin
[2019-07-15T10:31:26.351] [DEBUG] cheese - null
[2019-07-15T10:31:26.351] [DEBUG] cheese - null
[2019-07-15T10:50:46.513] [DEBUG] cheese - login => username:admin,password:123456
[2019-07-15T10:50:46.516] [DEBUG] cheese - admin
[2019-07-15T10:50:46.580] [DEBUG] cheese - null
[2019-07-15T10:50:46.581] [DEBUG] cheese - null
[2019-07-15T10:50:56.913] [DEBUG] cheese - login => username:admin,password:123456
[2019-07-15T10:50:56.913] [DEBUG] cheese - admin
[2019-07-15T10:50:56.924] [DEBUG] cheese - null
[2019-07-15T10:50:56.924] [DEBUG] cheese - null
[2019-07-15T10:54:12.116] [DEBUG] cheese - login => username:admin,password:123456
[2019-07-15T10:54:12.116] [DEBUG] cheese - admin
[2019-07-15T10:54:12.119] [DEBUG] cheese - null
[2019-07-15T10:54:12.119] [DEBUG] cheese - null
[2019-07-15T14:46:21.339] [DEBUG] cheese - login => username:admin,password:123456
[2019-07-15T14:46:21.340] [DEBUG] cheese - admin
[2019-07-15T14:46:21.348] [DEBUG] cheese - null
[2019-07-15T14:46:21.348] [DEBUG] cheese - null
[2019-07-15T14:48:22.882] [DEBUG] cheese - login => username:admin,password:123456
[2019-07-15T14:48:22.882] [DEBUG] cheese - admin
[2019-07-15T14:48:22.885] [DEBUG] cheese - null
[2019-07-15T14:48:22.885] [DEBUG] cheese - null
[2019-07-15T14:50:12.668] [DEBUG] cheese - login => username:admin,password:123456
[2019-07-15T14:50:12.668] [DEBUG] cheese - admin
[2019-07-15T14:50:12.671] [DEBUG] cheese - null
[2019-07-15T14:50:12.671] [DEBUG] cheese - null
[2019-07-15T14:53:05.881] [DEBUG] cheese - login => username:admin,password:123456
[2019-07-15T14:53:05.881] [DEBUG] cheese - admin
[2019-07-15T14:53:05.883] [DEBUG] cheese - null
[2019-07-15T14:53:05.884] [DEBUG] cheese - null
[2019-07-15T15:02:47.911] [DEBUG] cheese - login => username:admin,password:123456
[2019-07-15T15:02:47.911] [DEBUG] cheese - admin
[2019-07-15T15:02:47.914] [DEBUG] cheese - null
[2019-07-15T15:02:47.914] [DEBUG] cheese - null
[2019-07-15T15:02:56.420] [DEBUG] cheese - login => username:admin,password:123456
[2019-07-15T15:02:56.420] [DEBUG] cheese - admin
[2019-07-15T15:02:56.423] [DEBUG] cheese - null
[2019-07-15T15:02:56.423] [DEBUG] cheese - null
[2019-07-15T15:18:22.293] [DEBUG] cheese - login => username:admin,password:123456
[2019-07-15T15:18:22.293] [DEBUG] cheese - admin
[2019-07-15T15:18:22.296] [DEBUG] cheese - null
[2019-07-15T15:18:22.296] [DEBUG] cheese - null
[2019-07-15T15:24:20.022] [DEBUG] cheese - login => username:admin,password:123456
[2019-07-15T15:24:20.022] [DEBUG] cheese - admin
[2019-07-15T15:24:20.025] [DEBUG] cheese - null
[2019-07-15T15:24:20.025] [DEBUG] cheese - null
[2019-07-15T15:25:04.730] [DEBUG] cheese - login => username:admin,password:123456
[2019-07-15T15:25:04.731] [DEBUG] cheese - admin
[2019-07-15T15:25:04.733] [DEBUG] cheese - null
[2019-07-15T15:25:04.734] [DEBUG] cheese - null
[2019-07-16T09:19:43.244] [DEBUG] cheese - login => username:admin,password:123456
[2019-07-16T09:19:43.246] [DEBUG] cheese - admin
[2019-07-16T09:19:43.270] [DEBUG] cheese - null
[2019-07-16T09:19:43.271] [DEBUG] cheese - null
[2019-07-16T13:35:47.113] [DEBUG] cheese - login => username:admin,password:123456
[2019-07-16T13:35:47.114] [DEBUG] cheese - admin
[2019-07-16T13:35:47.126] [DEBUG] cheese - null
[2019-07-16T13:35:47.127] [DEBUG] cheese - null
[2019-07-16T13:47:00.784] [DEBUG] cheese - login => username:admin,password:123456
[2019-07-16T13:47:00.784] [DEBUG] cheese - admin
[2019-07-16T13:47:00.788] [DEBUG] cheese - null
[2019-07-16T13:47:00.788] [DEBUG] cheese - null
[2019-07-16T14:09:11.544] [DEBUG] cheese - login => username:admin,password:123456
[2019-07-16T14:09:11.544] [DEBUG] cheese - admin
[2019-07-16T14:09:11.547] [DEBUG] cheese - null
[2019-07-16T14:09:11.547] [DEBUG] cheese - null
[2019-07-16T19:02:51.781] [DEBUG] cheese - null
[2019-07-16T19:05:08.713] [DEBUG] cheese - null
[2019-07-16T19:05:41.321] [DEBUG] cheese - null
[2019-07-16T19:05:54.974] [DEBUG] cheese - null
[2019-07-18T10:17:48.481] [DEBUG] cheese - login => username:admin,password:123456
[2019-07-18T10:17:48.483] [DEBUG] cheese - admin
[2019-07-18T10:17:48.502] [DEBUG] cheese - null
[2019-07-18T10:17:48.502] [DEBUG] cheese - null
[2019-07-18T10:55:14.712] [DEBUG] cheese - login => username:admin,password:123456
[2019-07-18T10:55:14.712] [DEBUG] cheese - admin
[2019-07-18T10:55:14.715] [DEBUG] cheese - null
[2019-07-18T10:55:14.715] [DEBUG] cheese - null
[2019-07-18T15:08:15.873] [DEBUG] cheese - login => username:admin,password:123456
[2019-07-18T15:08:15.875] [DEBUG] cheese - admin
[2019-07-18T15:08:15.888] [DEBUG] cheese - null
[2019-07-18T15:08:15.889] [DEBUG] cheese - null
[2019-07-18T15:55:57.256] [DEBUG] cheese - login => username:admin,password:123456
[2019-07-18T15:55:57.257] [DEBUG] cheese - admin
[2019-07-18T15:55:57.261] [DEBUG] cheese - null
[2019-07-18T15:55:57.261] [DEBUG] cheese - null
[2019-07-18T16:18:26.410] [DEBUG] cheese - login => username:admin,password:123456
[2019-07-18T16:18:26.410] [DEBUG] cheese - admin
[2019-07-18T16:18:26.415] [DEBUG] cheese - null
[2019-07-18T16:18:26.415] [DEBUG] cheese - null
[2019-07-19T08:49:21.557] [DEBUG] cheese - login => username:admin,password:123456
[2019-07-19T08:49:21.559] [DEBUG] cheese - admin
[2019-07-19T08:49:21.572] [DEBUG] cheese - null
[2019-07-19T08:49:21.572] [DEBUG] cheese - null
[2019-07-21T09:18:13.318] [DEBUG] cheese - login => username:admin,password:123456
[2019-07-21T09:18:13.320] [DEBUG] cheese - admin
[2019-07-21T09:18:13.335] [DEBUG] cheese - null
[2019-07-21T09:18:13.335] [DEBUG] cheese - null
[2019-07-21T10:58:39.673] [DEBUG] cheese - login => username:admin,password:123456
[2019-07-21T10:58:39.674] [DEBUG] cheese - admin
[2019-07-21T10:58:39.677] [DEBUG] cheese - null
[2019-07-21T10:58:39.677] [DEBUG] cheese - null
[2019-07-21T13:43:29.422] [DEBUG] cheese - login => username:admin,password:123456
[2019-07-21T13:43:29.424] [DEBUG] cheese - admin
[2019-07-21T13:43:29.438] [DEBUG] cheese - null
[2019-07-21T13:43:29.438] [DEBUG] cheese - null
[2019-07-22T09:17:45.639] [DEBUG] cheese - login => username:admin,password:123456
[2019-07-22T09:17:45.642] [DEBUG] cheese - admin
[2019-07-22T09:17:45.660] [DEBUG] cheese - null
[2019-07-22T09:17:45.660] [DEBUG] cheese - null
[2019-07-22T09:36:33.634] [DEBUG] cheese - login => username:admin,password:123456
[2019-07-22T09:36:33.634] [DEBUG] cheese - admin
[2019-07-22T09:36:33.642] [DEBUG] cheese - null
[2019-07-22T09:36:33.642] [DEBUG] cheese - null
[2019-07-22T09:53:56.323] [DEBUG] cheese - login => username:admin,password:123456
[2019-07-22T09:53:56.324] [DEBUG] cheese - admin
[2019-07-22T09:53:56.327] [DEBUG] cheese - null
[2019-07-22T09:53:56.327] [DEBUG] cheese - null
[2019-07-22T10:03:09.540] [DEBUG] cheese - login => username:admin,password:123456
[2019-07-22T10:03:09.540] [DEBUG] cheese - admin
[2019-07-22T10:03:09.545] [DEBUG] cheese - null
[2019-07-22T10:03:09.545] [DEBUG] cheese - null
[2019-07-22T10:25:12.264] [DEBUG] cheese - login => username:admin,password:123456
[2019-07-22T10:25:12.264] [DEBUG] cheese - admin
[2019-07-22T10:25:12.266] [DEBUG] cheese - null
[2019-07-22T10:25:12.266] [DEBUG] cheese - null
[2019-07-22T10:47:11.009] [DEBUG] cheese - login => username:admin,password:123456
[2019-07-22T10:47:11.012] [DEBUG] cheese - admin
[2019-07-22T10:47:11.026] [DEBUG] cheese - null
[2019-07-22T10:47:11.026] [DEBUG] cheese - null
[2019-07-22T11:07:37.825] [DEBUG] cheese - null
[2019-07-22T11:30:35.340] [DEBUG] cheese - login => username:admin,password:123456
[2019-07-22T11:30:35.342] [DEBUG] cheese - admin
[2019-07-22T11:30:35.354] [DEBUG] cheese - null
[2019-07-22T11:30:35.355] [DEBUG] cheese - null
[2019-07-22T15:35:58.569] [DEBUG] cheese - login => username:admin,password:123456
[2019-07-22T15:35:58.571] [DEBUG] cheese - admin
[2019-07-22T15:35:58.585] [DEBUG] cheese - null
[2019-07-22T15:35:58.586] [DEBUG] cheese - null
[2019-07-22T16:43:03.646] [DEBUG] cheese - login => username:admin,password:123456
[2019-07-22T16:43:03.646] [DEBUG] cheese - admin
[2019-07-22T16:43:03.652] [DEBUG] cheese - null
[2019-07-22T16:43:03.652] [DEBUG] cheese - null
[2019-07-22T16:48:23.481] [DEBUG] cheese - login => username:admin,password:123456
[2019-07-22T16:48:23.481] [DEBUG] cheese - admin
[2019-07-22T16:48:23.486] [DEBUG] cheese - null
[2019-07-22T16:48:23.486] [DEBUG] cheese - null
[2019-07-24T11:39:03.934] [DEBUG] cheese - login => username:admin,password:123456
[2019-07-24T11:39:03.938] [DEBUG] cheese - admin
[2019-07-24T11:39:03.952] [DEBUG] cheese - null
[2019-07-24T11:39:03.953] [DEBUG] cheese - null
[2019-07-24T12:25:11.936] [DEBUG] cheese - login => username:admin,password:123456
[2019-07-24T12:25:11.939] [DEBUG] cheese - admin
[2019-07-24T12:25:11.955] [DEBUG] cheese - null
[2019-07-24T12:25:11.955] [DEBUG] cheese - null
[2019-07-24T12:42:07.457] [DEBUG] cheese - login => username:admin,password:123456
[2019-07-24T12:42:07.457] [DEBUG] cheese - admin
[2019-07-24T12:42:07.463] [DEBUG] cheese - null
[2019-07-24T12:42:07.463] [DEBUG] cheese - null
[2019-07-24T12:52:48.064] [DEBUG] cheese - login => username:admin,password:123456
[2019-07-24T12:52:48.064] [DEBUG] cheese - admin
[2019-07-24T12:52:48.070] [DEBUG] cheese - null
[2019-07-24T12:52:48.070] [DEBUG] cheese - null
[2019-07-24T12:53:54.929] [DEBUG] cheese - login => username:admin,password:123456
[2019-07-24T12:53:54.929] [DEBUG] cheese - admin
[2019-07-24T12:53:54.931] [DEBUG] cheese - null
[2019-07-24T12:53:54.931] [DEBUG] cheese - null
[2019-07-24T13:01:25.582] [DEBUG] cheese - login => username:admin,password:123456
[2019-07-24T13:01:25.583] [DEBUG] cheese - admin
[2019-07-24T13:01:25.585] [DEBUG] cheese - null
[2019-07-24T13:01:25.585] [DEBUG] cheese - null
[2019-07-24T13:01:46.319] [DEBUG] cheese - login => username:admin,password:123456
[2019-07-24T13:01:46.319] [DEBUG] cheese - admin
[2019-07-24T13:01:46.321] [DEBUG] cheese - null
[2019-07-24T13:01:46.321] [DEBUG] cheese - null
[2019-07-24T13:03:15.173] [DEBUG] cheese - login => username:admin,password:123456
[2019-07-24T13:03:15.173] [DEBUG] cheese - admin
[2019-07-24T13:03:15.177] [DEBUG] cheese - null
[2019-07-24T13:03:15.177] [DEBUG] cheese - null
[2019-07-24T13:06:20.844] [DEBUG] cheese - login => username:admin,password:123456
[2019-07-24T13:06:20.844] [DEBUG] cheese - admin
[2019-07-24T13:06:20.849] [DEBUG] cheese - null
[2019-07-24T13:06:20.849] [DEBUG] cheese - null
[2019-07-24T13:52:40.909] [DEBUG] cheese - login => username:admin,password:123456
[2019-07-24T13:52:40.909] [DEBUG] cheese - admin
[2019-07-24T13:52:40.912] [DEBUG] cheese - null
[2019-07-24T13:52:40.913] [DEBUG] cheese - null
[2019-07-24T13:56:01.645] [DEBUG] cheese - login => username:admin,password:123456
[2019-07-24T13:56:01.645] [DEBUG] cheese - admin
[2019-07-24T13:56:01.648] [DEBUG] cheese - null
[2019-07-24T13:56:01.648] [DEBUG] cheese - null
[2019-07-24T13:59:46.473] [DEBUG] cheese - login => username:admin,password:123456
[2019-07-24T13:59:46.473] [DEBUG] cheese - admin
[2019-07-24T13:59:46.486] [DEBUG] cheese - null
[2019-07-24T13:59:46.486] [DEBUG] cheese - null
[2019-07-24T13:59:57.610] [DEBUG] cheese - login => username:admin,password:123456
[2019-07-24T13:59:57.610] [DEBUG] cheese - admin
[2019-07-24T13:59:57.612] [DEBUG] cheese - null
[2019-07-24T13:59:57.612] [DEBUG] cheese - null
[2019-07-24T16:10:22.536] [DEBUG] cheese - login => username:admin,password:123456
[2019-07-24T16:10:22.539] [DEBUG] cheese - admin
[2019-07-24T16:10:22.555] [DEBUG] cheese - null
[2019-07-24T16:10:22.555] [DEBUG] cheese - null
[2019-07-26T18:36:46.142] [DEBUG] cheese - login => username:admin,password:123456
[2019-07-26T18:36:46.144] [DEBUG] cheese - admin
[2019-07-26T18:36:46.158] [DEBUG] cheese - null
[2019-07-26T18:36:46.158] [DEBUG] cheese - null
[2019-07-29T23:27:47.807] [DEBUG] cheese - login => username:admin,password:123456
[2019-07-29T23:27:47.811] [DEBUG] cheese - admin
[2019-07-29T23:27:47.835] [DEBUG] cheese - null
[2019-07-29T23:27:47.836] [DEBUG] cheese - null
